2018/07/13 14:28:13 C:/Apache/Apache24/www/html/cgi-bin/show_table.cgi [DEBUG] Login Successful. [User:root] 
2018/07/13 14:28:13 C:/Apache/Apache24/www/html/cgi-bin/show_table.cgi [DEBUG] Displayed the table. sql:[select * from entry_info]  
2018/07/13 14:54:36 C:/Apache/Apache24/www/html/cgi-bin/show_table.cgi [DEBUG] Login Successful. [User:root] 
2018/07/13 14:54:36 C:/Apache/Apache24/www/html/cgi-bin/show_table.cgi [DEBUG] Displayed the table. sql:[select * from entry_info]  
2018/07/13 14:54:46 C:/Apache/Apache24/www/html/cgi-bin/show_table.cgi [DEBUG] Login Successful. [User:root] 
2018/07/13 14:54:46 C:/Apache/Apache24/www/html/cgi-bin/show_table.cgi [DEBUG] Displayed the table. sql:[select * from entry_info]  
2018/07/17 09:02:37 C:/Apache/Apache24/www/html/cgi-bin/show_table.cgi [DEBUG] Login Successful. [User:root] 
2018/07/17 09:02:38 C:/Apache/Apache24/www/html/cgi-bin/show_table.cgi [DEBUG] Displayed the table. sql:[select * from entry_info]  
2018/07/17 09:04:15 C:/Apache/Apache24/www/html/cgi-bin/show_table.cgi [DEBUG] Login Successful. [User:root] 
2018/07/17 09:04:15 C:/Apache/Apache24/www/html/cgi-bin/show_table.cgi [DEBUG] Displayed the table. sql:[select * from entry_info]  
2018/07/17 09:05:28 C:/Apache/Apache24/www/html/cgi-bin/complete.cgi [DEBUG] Login Successful. [User:root] 
2018/07/17 09:05:29 C:/Apache/Apache24/www/html/cgi-bin/complete.cgi [DEBUG] Registration Successful. sql:[insert into entry_info values(?, ?, ?, ?, ?, ?, ?, ?, ?)] 
2018/07/17 09:05:36 C:/Apache/Apache24/www/html/cgi-bin/show_table.cgi [DEBUG] Login Successful. [User:root] 
2018/07/17 09:05:36 C:/Apache/Apache24/www/html/cgi-bin/show_table.cgi [DEBUG] Displayed the table. sql:[select * from entry_info]  
2018/07/17 10:09:45 C:/Apache/Apache24/www/html/cgi-bin/confirm.cgi [DEBUG] HTML::Template->new() : No NAME given to a TMPL_LOOP tag at C:\Apache\Apache24\www\html\cgi-bin\tmplt\confirm.tmpl : line 48. at C:/Perl64/lib/HTML/Template.pm line 2158.
 at line 93. 
2018/07/17 10:09:49 C:/Apache/Apache24/www/html/cgi-bin/confirm.cgi [DEBUG] HTML::Template->new() : No NAME given to a TMPL_LOOP tag at C:\Apache\Apache24\www\html\cgi-bin\tmplt\confirm.tmpl : line 48. at C:/Perl64/lib/HTML/Template.pm line 2158.
 at line 93. 
2018/07/17 10:13:10 confirm.cgi [DEBUG] HTML::Template->new() : No NAME given to a TMPL_LOOP tag at C:\Apache\Apache24\www\html\cgi-bin\tmplt\confirm.tmpl : line 48. at C:/Perl64/lib/HTML/Template.pm line 2158.
 at line 93. 
2018/07/17 10:13:13 confirm.cgi [DEBUG] HTML::Template->new() : No NAME given to a TMPL_LOOP tag at C:\Apache\Apache24\www\html\cgi-bin\tmplt\confirm.tmpl : line 48. at C:/Perl64/lib/HTML/Template.pm line 2158.
 at line 93. 
2018/07/17 10:14:21 C:/Apache/Apache24/www/html/cgi-bin/confirm.cgi [DEBUG] HTML::Template->new() : No NAME given to a TMPL_LOOP tag at C:\Apache\Apache24\www\html\cgi-bin\tmplt\confirm.tmpl : line 48. at C:/Perl64/lib/HTML/Template.pm line 2158.
 at line 93. 
2018/07/17 10:14:47 C:/Apache/Apache24/www/html/cgi-bin/confirm.cgi [DEBUG] HTML::Template->new() : No NAME given to a TMPL_LOOP tag at C:\Apache\Apache24\www\html\cgi-bin\tmplt\confirm.tmpl : line 48. at C:/Perl64/lib/HTML/Template.pm line 2158.
 at line 93. 
2018/07/17 10:14:52 C:/Apache/Apache24/www/html/cgi-bin/confirm.cgi [DEBUG] HTML::Template->new() : No NAME given to a TMPL_LOOP tag at C:\Apache\Apache24\www\html\cgi-bin\tmplt\confirm.tmpl : line 48. at C:/Perl64/lib/HTML/Template.pm line 2158.
 at line 93. 
2018/07/17 10:17:28 C:/Apache/Apache24/www/html/cgi-bin/confirm.cgi [DEBUG] HTML::Template->new() : No NAME given to a TMPL_LOOP tag at C:\Apache\Apache24\www\html\cgi-bin\tmplt\confirm.tmpl : line 48. at C:/Perl64/lib/HTML/Template.pm line 2158.
 at line 93. 
2018/07/17 10:17:34 C:/Apache/Apache24/www/html/cgi-bin/confirm.cgi [DEBUG] HTML::Template->new() : No NAME given to a TMPL_LOOP tag at C:\Apache\Apache24\www\html\cgi-bin\tmplt\confirm.tmpl : line 48. at C:/Perl64/lib/HTML/Template.pm line 2158.
 at line 93. 
2018/07/17 11:18:59 C:/Apache/Apache24/www/html/cgi-bin/complete.cgi [DEBUG] Login Successful. [User:root] 
2018/07/17 11:18:59 C:/Apache/Apache24/www/html/cgi-bin/complete.cgi [DEBUG] Registration Successful. sql:[insert into entry_info values(?, ?, ?, ?, ?, ?, ?, ?, ?)] 
2018/07/17 11:20:28 C:/Apache/Apache24/www/html/cgi-bin/complete.cgi [DEBUG] Login Successful. [User:root] 
2018/07/17 11:20:28 C:/Apache/Apache24/www/html/cgi-bin/complete.cgi [DEBUG] Registration Successful. sql:[insert into entry_info values(?, ?, ?, ?, ?, ?, ?, ?, ?)] 
2018/07/17 11:20:32 C:/Apache/Apache24/www/html/cgi-bin/show_table.cgi [DEBUG] Login Successful. [User:root] 
2018/07/17 11:20:32 C:/Apache/Apache24/www/html/cgi-bin/show_table.cgi [DEBUG] Displayed the table. sql:[select * from entry_info]  
2018/07/17 11:37:29 C:/Apache/Apache24/www/html/cgi-bin/show_table.cgi [DEBUG] Login Successful. [User:root] 
2018/07/17 11:37:29 C:/Apache/Apache24/www/html/cgi-bin/show_table.cgi [DEBUG] Displayed the table. sql:[select * from entry_info]  
2018/07/17 11:37:56 C:/Apache/Apache24/www/html/cgi-bin/complete.cgi [DEBUG] Login Successful. [User:root] 
2018/07/17 11:37:56 C:/Apache/Apache24/www/html/cgi-bin/complete.cgi [DEBUG] Registration Successful. sql:[insert into entry_info values(?, ?, ?, ?, ?, ?, ?, ?, ?)] 
2018/07/17 11:38:13 C:/Apache/Apache24/www/html/cgi-bin/show_table.cgi [DEBUG] Login Successful. [User:root] 
2018/07/17 11:38:13 C:/Apache/Apache24/www/html/cgi-bin/show_table.cgi [DEBUG] Displayed the table. sql:[select * from entry_info]  
2018/07/17 11:53:39 C:/Apache/Apache24/www/html/cgi-bin/complete.cgi [DEBUG] Login Successful. [User:root] 
2018/07/17 11:53:39 C:/Apache/Apache24/www/html/cgi-bin/complete.cgi [DEBUG] Registration Successful. sql:[insert into entry_info values(?, ?, ?, ?, ?, ?, ?, ?, ?)] 
2018/07/17 11:54:14 C:/Apache/Apache24/www/html/cgi-bin/complete.cgi [DEBUG] Login Successful. [User:root] 
2018/07/17 11:54:14 C:/Apache/Apache24/www/html/cgi-bin/complete.cgi [DEBUG] Registration Successful. sql:[insert into entry_info values(?, ?, ?, ?, ?, ?, ?, ?, ?)] 
2018/07/17 11:54:33 C:/Apache/Apache24/www/html/cgi-bin/complete.cgi [DEBUG] Login Successful. [User:root] 
2018/07/17 11:54:33 C:/Apache/Apache24/www/html/cgi-bin/complete.cgi [DEBUG] Registration Successful. sql:[insert into entry_info values(?, ?, ?, ?, ?, ?, ?, ?, ?)] 
2018/07/17 12:09:33 C:/Apache/Apache24/www/html/cgi-bin/complete.cgi [DEBUG] Login Successful. [User:root] 
2018/07/17 12:09:33 C:/Apache/Apache24/www/html/cgi-bin/complete.cgi [DEBUG] Registration Successful. sql:[insert into entry_info values(?, ?, ?, ?, ?, ?, ?, ?, ?)] 
2018/07/17 12:21:27 C:/Apache/Apache24/www/html/cgi-bin/complete.cgi [DEBUG] Login Successful. [User:root] 
2018/07/17 12:21:27 C:/Apache/Apache24/www/html/cgi-bin/complete.cgi [DEBUG] Registration Successful. sql:[insert into entry_info values(?, ?, ?, ?, ?, ?, ?, ?, ?)] 
